<?xml version="1.0" encoding="UTF-8" ?>
<testsuite tests="5" failures="3" name="br.edu.ifrs.osorio.projetobiblioteca.GerenciadorLivroTest" time="1.245" errors="0" skipped="0">
  <properties>
    <property name="java.runtime.name" value="Java(TM) SE Runtime Environment"/>
    <property name="java.vm.version" value="19.0.2+7-44"/>
    <property name="sun.boot.library.path" value="C:\Program Files\Java\jdk-19\bin"/>
    <property name="maven.multiModuleProjectDirectory" value="F:\Scripts\GitHub\Java\Frameworks para Desenvolvimento de Software\Junit - Mockito\ProjetoBiblioteca"/>
    <property name="java.vm.vendor" value="Oracle Corporation"/>
    <property name="java.vendor.url" value="https://java.oracle.com/"/>
    <property name="guice.disable.misplaced.annotation.check" value="true"/>
    <property name="path.separator" value=";"/>
    <property name="java.vm.name" value="Java HotSpot(TM) 64-Bit Server VM"/>
    <property name="sun.os.patch.level" value=""/>
    <property name="user.script" value=""/>
    <property name="user.country" value="BR"/>
    <property name="sun.java.launcher" value="SUN_STANDARD"/>
    <property name="test" value="br.edu.ifrs.osorio.projetobiblioteca.GerenciadorLivroTest"/>
    <property name="java.vm.specification.name" value="Java Virtual Machine Specification"/>
    <property name="user.dir" value="F:\Scripts\GitHub\Java\Frameworks para Desenvolvimento de Software\Junit - Mockito\ProjetoBiblioteca"/>
    <property name="java.vm.compressedOopsMode" value="Zero based"/>
    <property name="java.runtime.version" value="19.0.2+7-44"/>
    <property name="os.arch" value="amd64"/>
    <property name="java.io.tmpdir" value="C:\Users\tutuc\AppData\Local\Temp\"/>
    <property name="line.separator" value="
"/>
    <property name="java.vm.specification.vendor" value="Oracle Corporation"/>
    <property name="user.variant" value=""/>
    <property name="stderr.encoding" value="Cp1252"/>
    <property name="os.name" value="Windows 10"/>
    <property name="maven.ext.class.path" value="C:\Program Files\NetBeans-17\netbeans\java\maven-nblib\netbeans-eventspy.jar;C:\Program Files\NetBeans-17\netbeans\java\maven-nblib\netbeans-eventspy.jar"/>
    <property name="classworlds.conf" value="C:\Program Files\NetBeans-17\netbeans\java\maven\bin\m2.conf"/>
    <property name="sun.jnu.encoding" value="Cp1252"/>
    <property name="stdout.encoding" value="Cp1252"/>
    <property name="java.library.path" value="C:\Program Files\Java\jdk-19\bin;C:\WINDOWS\Sun\Java\bin;C:\WINDOWS\system32;C:\WINDOWS;C:\Program Files\Common Files\Oracle\Java\javapath;C:\Program Files (x86)\Common Files\Oracle\Java\javapath;C:\Program Files (x86)\NVIDIA Corporation\PhysX\Common;C:\WINDOWS\system32;C:\WINDOWS;C:\WINDOWS\System32\Wbem;C:\WINDOWS\System32\WindowsPowerShell\v1.0\;C:\WINDOWS\System32\OpenSSH\;C:\Program Files\NVIDIA Corporation\NVIDIA NvDLISR;C:\Program Files\nodejs\;C:\Program Files\MongoDB\Server\5.0\bin;C:\Program Files (x86)\dotnet\;C:\Program Files\Git\cmd;C:\Ruby32-x64\bin;C:\Users\tutuc\AppData\Local\Microsoft\WindowsApps;C:\Users\tutuc\AppData\Local\Programs\Microsoft VS Code\bin;C:\Users\tutuc\AppData\Roaming\npm;C:\Users\tutuc\AppData\Local\GitHubDesktop\bin;."/>
    <property name="maven.conf" value="C:\Program Files\NetBeans-17\netbeans\java\maven/conf"/>
    <property name="jdk.debug" value="release"/>
    <property name="java.class.version" value="63.0"/>
    <property name="java.specification.name" value="Java Platform API Specification"/>
    <property name="sun.management.compiler" value="HotSpot 64-Bit Tiered Compilers"/>
    <property name="os.version" value="10.0"/>
    <property name="library.jansi.path" value="C:\Program Files\NetBeans-17\netbeans\java\maven\lib\jansi-native"/>
    <property name="user.home" value="C:\Users\tutuc"/>
    <property name="user.timezone" value="America/Sao_Paulo"/>
    <property name="file.encoding" value="UTF-8"/>
    <property name="java.specification.version" value="19"/>
    <property name="user.name" value="Arthur"/>
    <property name="java.class.path" value="C:\Program Files\NetBeans-17\netbeans\java\maven\boot\plexus-classworlds-2.6.0.jar"/>
    <property name="java.vm.specification.version" value="19"/>
    <property name="sun.arch.data.model" value="64"/>
    <property name="sun.java.command" value="org.codehaus.plexus.classworlds.launcher.Launcher -Dtest=br.edu.ifrs.osorio.projetobiblioteca.GerenciadorLivroTest -Dmaven.ext.class.path=C:\Program Files\NetBeans-17\netbeans\java\maven-nblib\netbeans-eventspy.jar;C:\Program Files\NetBeans-17\netbeans\java\maven-nblib\netbeans-eventspy.jar surefire:test"/>
    <property name="java.home" value="C:\Program Files\Java\jdk-19"/>
    <property name="user.language" value="pt"/>
    <property name="java.specification.vendor" value="Oracle Corporation"/>
    <property name="java.vm.info" value="mixed mode, sharing"/>
    <property name="java.version" value="19.0.2"/>
    <property name="native.encoding" value="Cp1252"/>
    <property name="java.vendor" value="Oracle Corporation"/>
    <property name="maven.home" value="C:\Program Files\NetBeans-17\netbeans\java\maven"/>
    <property name="file.separator" value="\"/>
    <property name="java.version.date" value="2023-01-17"/>
    <property name="java.vendor.url.bug" value="https://bugreport.java.com/bugreport/"/>
    <property name="sun.io.unicode.encoding" value="UnicodeLittle"/>
    <property name="sun.cpu.endian" value="little"/>
    <property name="sun.cpu.isalist" value="amd64"/>
  </properties>
  <testcase classname="br.edu.ifrs.osorio.projetobiblioteca.GerenciadorLivroTest" name="br.edu.ifrs.osorio.projetobiblioteca.GerenciadorLivroTest.testaLocarLivro" time="1.232">
    <failure message="
Wanted but not invoked:
livro.locar(&quot;email@teste.com&quot;);
-&gt; at br.edu.ifrs.osorio.projetobiblioteca.Livro.locar(Livro.java:97)
Actually, there were zero interactions with this mock.
" type="Wanted but not invoked">Wanted but not invoked:
livro.locar(&quot;email@teste.com&quot;);
-&gt; at br.edu.ifrs.osorio.projetobiblioteca.Livro.locar(Livro.java:97)
Actually, there were zero interactions with this mock.

	at br.edu.ifrs.osorio.projetobiblioteca.Livro.locar(Livro.java:97)
	at br.edu.ifrs.osorio.projetobiblioteca.GerenciadorLivroTest.testaLocarLivro(GerenciadorLivroTest.java:34)
</failure>
  </testcase>
  <testcase classname="br.edu.ifrs.osorio.projetobiblioteca.GerenciadorLivroTest" name="br.edu.ifrs.osorio.projetobiblioteca.GerenciadorLivroTest.testaReservarLivro" time="0.001"/>
  <testcase classname="br.edu.ifrs.osorio.projetobiblioteca.GerenciadorLivroTest" name="br.edu.ifrs.osorio.projetobiblioteca.GerenciadorLivroTest.testaDevolverLivro" time="0.002"/>
  <testcase classname="br.edu.ifrs.osorio.projetobiblioteca.GerenciadorLivroTest" name="br.edu.ifrs.osorio.projetobiblioteca.GerenciadorLivroTest.testaAvisarLocacaoFinal" time="0.006">
    <failure message="
Wanted but not invoked:
emailService.enviaEmail(
    &lt;any string&gt;,
    &lt;any string&gt;,
    &lt;any string&gt;
);
-&gt; at br.edu.ifrs.osorio.projetobiblioteca.GerenciadorLivroTest.testaAvisarLocacaoFinal(GerenciadorLivroTest.java:99)
Actually, there were zero interactions with this mock.
" type="Wanted but not invoked">Wanted but not invoked:
emailService.enviaEmail(
    &lt;any string&gt;,
    &lt;any string&gt;,
    &lt;any string&gt;
);
-&gt; at br.edu.ifrs.osorio.projetobiblioteca.GerenciadorLivroTest.testaAvisarLocacaoFinal(GerenciadorLivroTest.java:99)
Actually, there were zero interactions with this mock.

	at br.edu.ifrs.osorio.projetobiblioteca.GerenciadorLivroTest.testaAvisarLocacaoFinal(GerenciadorLivroTest.java:99)
</failure>
  </testcase>
  <testcase classname="br.edu.ifrs.osorio.projetobiblioteca.GerenciadorLivroTest" name="br.edu.ifrs.osorio.projetobiblioteca.GerenciadorLivroTest.testaAvisarReservaNoFinal" time="0.004">
    <failure message="
Wanted but not invoked:
emailService.enviaEmail(
    &lt;any string&gt;,
    &lt;any string&gt;,
    &lt;any string&gt;
);
-&gt; at br.edu.ifrs.osorio.projetobiblioteca.GerenciadorLivroTest.testaAvisarReservaNoFinal(GerenciadorLivroTest.java:81)
Actually, there were zero interactions with this mock.
" type="Wanted but not invoked">Wanted but not invoked:
emailService.enviaEmail(
    &lt;any string&gt;,
    &lt;any string&gt;,
    &lt;any string&gt;
);
-&gt; at br.edu.ifrs.osorio.projetobiblioteca.GerenciadorLivroTest.testaAvisarReservaNoFinal(GerenciadorLivroTest.java:81)
Actually, there were zero interactions with this mock.

	at br.edu.ifrs.osorio.projetobiblioteca.GerenciadorLivroTest.testaAvisarReservaNoFinal(GerenciadorLivroTest.java:81)
</failure>
  </testcase>
</testsuite>